This file contains any messages produced by compilers while
running configure, to aid debugging if configure makes a mistake.

It was created by gsl configure 1.7, which was
generated by GNU Autoconf 2.59.  Invocation command line was

  $ ./configure 

## --------- ##
## Platform. ##
## --------- ##

hostname = rama.localdomain
uname -m = i686
uname -r = 2.4.21-27.0.2.EL
uname -s = Linux
uname -v = #1 Wed Jan 12 23:46:37 EST 2005

/usr/bin/uname -p = unknown
/bin/uname -X     = unknown

/bin/arch              = i686
/usr/bin/arch -k       = unknown
/usr/convex/getsysinfo = unknown
hostinfo               = unknown
/bin/machine           = unknown
/usr/bin/oslevel       = unknown
/bin/universe          = unknown

PATH: /usr/kerberos/bin
PATH: /usr/local/bin
PATH: /bin
PATH: /usr/bin
PATH: /usr/X11R6/bin
PATH: /home/lynn/bin
PATH: /home/lynn/basil/bin
PATH: /home/lynn/ellecvs/elle/bin
PATH: /usr/local/ActiveTcl/bin


## ----------- ##
## Core tests. ##
## ----------- ##

configure:1524: checking for a BSD-compatible install
configure:1579: result: /usr/bin/install -c
configure:1590: checking whether build environment is sane
configure:1633: result: yes
configure:1657: WARNING: `missing' script is too old or missing
configure:1698: checking for gawk
configure:1714: found /bin/gawk
configure:1724: result: gawk
configure:1734: checking whether make sets $(MAKE)
configure:1754: result: yes
configure:1924: checking whether to enable maintainer-specific portions of Makefiles
configure:1933: result: no
configure:1971: checking whether make sets $(MAKE)
configure:1991: result: yes
configure:2007: checking build system type
configure:2025: result: i686-pc-linux-gnu
configure:2033: checking host system type
configure:2047: result: i686-pc-linux-gnu
configure:2108: checking for gcc
configure:2124: found /usr/bin/gcc
configure:2134: result: gcc
configure:2378: checking for C compiler version
configure:2381: gcc --version </dev/null >&5
gcc (GCC) 3.2.3 20030502 (Red Hat Linux 3.2.3-49)
Copyright (C) 2002 Free Software Foundation, Inc.
This is free software; see the source for copying conditions.  There is NO
warranty; not even for MERCHANTABILITY or FITNESS FOR A PARTICULAR PURPOSE.

configure:2384: $? = 0
configure:2386: gcc -v </dev/null >&5
Reading specs from /usr/lib/gcc-lib/i386-redhat-linux/3.2.3/specs
Configured with: ../configure --prefix=/usr --mandir=/usr/share/man --infodir=/usr/share/info --enable-shared --enable-threads=posix --disable-checking --with-system-zlib --enable-__cxa_atexit --host=i386-redhat-linux
Thread model: posix
gcc version 3.2.3 20030502 (Red Hat Linux 3.2.3-49)
configure:2389: $? = 0
configure:2391: gcc -V </dev/null >&5
gcc: argument to `-V' is missing
configure:2394: $? = 1
configure:2417: checking for C compiler default output file name
configure:2420: gcc    conftest.c  >&5
configure:2423: $? = 0
configure:2469: result: a.out
configure:2474: checking whether the C compiler works
configure:2480: ./a.out
configure:2483: $? = 0
configure:2500: result: yes
configure:2507: checking whether we are cross compiling
configure:2509: result: no
configure:2512: checking for suffix of executables
configure:2514: gcc -o conftest    conftest.c  >&5
configure:2517: $? = 0
configure:2542: result: 
configure:2548: checking for suffix of object files
configure:2569: gcc -c   conftest.c >&5
configure:2572: $? = 0
configure:2594: result: o
configure:2598: checking whether we are using the GNU C compiler
configure:2622: gcc -c   conftest.c >&5
configure:2628: $? = 0
configure:2632: test -z 
			 || test ! -s conftest.err
configure:2635: $? = 0
configure:2638: test -s conftest.o
configure:2641: $? = 0
configure:2654: result: yes
configure:2660: checking whether gcc accepts -g
configure:2681: gcc -c -g  conftest.c >&5
configure:2687: $? = 0
configure:2691: test -z 
			 || test ! -s conftest.err
configure:2694: $? = 0
configure:2697: test -s conftest.o
configure:2700: $? = 0
configure:2711: result: yes
configure:2728: checking for gcc option to accept ANSI C
configure:2798: gcc  -c -g -O2  conftest.c >&5
configure:2804: $? = 0
configure:2808: test -z 
			 || test ! -s conftest.err
configure:2811: $? = 0
configure:2814: test -s conftest.o
configure:2817: $? = 0
configure:2835: result: none needed
configure:2853: gcc -c -g -O2  conftest.c >&5
conftest.c:2: syntax error before "me"
configure:2859: $? = 1
configure: failed program was:
| #ifndef __cplusplus
|   choke me
| #endif
configure:2997: checking how to run the C preprocessor
configure:3032: gcc -E  conftest.c
configure:3038: $? = 0
configure:3070: gcc -E  conftest.c
conftest.c:12:28: ac_nonexistent.h: No such file or directory
configure:3076: $? = 1
configure: failed program was:
| /* confdefs.h.  */
| 
| #define PACKAGE_NAME "gsl"
| #define PACKAGE_TARNAME "gsl"
| #define PACKAGE_VERSION "1.7"
| #define PACKAGE_STRING "gsl 1.7"
| #define PACKAGE_BUGREPORT ""
| #define PACKAGE "gsl"
| #define VERSION "1.7"
| #define RELEASED 1
| /* end confdefs.h.  */
| #include <ac_nonexistent.h>
configure:3115: result: gcc -E
configure:3139: gcc -E  conftest.c
configure:3145: $? = 0
configure:3177: gcc -E  conftest.c
conftest.c:12:28: ac_nonexistent.h: No such file or directory
configure:3183: $? = 1
configure: failed program was:
| /* confdefs.h.  */
| 
| #define PACKAGE_NAME "gsl"
| #define PACKAGE_TARNAME "gsl"
| #define PACKAGE_VERSION "1.7"
| #define PACKAGE_STRING "gsl 1.7"
| #define PACKAGE_BUGREPORT ""
| #define PACKAGE "gsl"
| #define VERSION "1.7"
| #define RELEASED 1
| /* end confdefs.h.  */
| #include <ac_nonexistent.h>
configure:3239: checking for a BSD-compatible install
configure:3294: result: /usr/bin/install -c
configure:3305: checking whether ln -s works
configure:3309: result: yes
configure:3357: checking for ranlib
configure:3373: found /usr/bin/ranlib
configure:3384: result: ranlib
configure:3437: checking for ar
configure:3453: found /usr/bin/ar
configure:3464: result: ar
configure:3565: checking for ld used by GCC
configure:3628: result: /usr/bin/ld
configure:3637: checking if the linker (/usr/bin/ld) is GNU ld
GNU ld version 2.14.90.0.4 20030523
configure:3649: result: yes
configure:3654: checking for /usr/bin/ld option to reload object files
configure:3661: result: -r
configure:3666: checking for BSD-compatible nm
configure:3702: result: /usr/bin/nm -B
configure:3705: checking for a sed that does not truncate output
configure:3787: result: /bin/sed
configure:3790: checking how to recognise dependent libraries
configure:3971: result: pass_all
configure:3984: checking command to parse /usr/bin/nm -B output
configure:4068: gcc -c -g -O2  conftest.c >&5
configure:4071: $? = 0
configure:4075: /usr/bin/nm -B conftest.o \| sed -n -e 's/^.*[ 	]\([ABCDGISTW][ABCDGISTW]*\)[ 	][ 	]*\(\)\([_A-Za-z][_A-Za-z0-9]*\)$/\1 \2\3 \3/p' \> conftest.nm
configure:4078: $? = 0
configure:4130: gcc -o conftest -g -O2   conftest.c conftstm.o >&5
configure:4133: $? = 0
configure:4177: result: ok
configure:4182: checking for egrep
configure:4192: result: grep -E
configure:4197: checking for ANSI C header files
configure:4222: gcc -c -g -O2  conftest.c >&5
configure:4228: $? = 0
configure:4232: test -z 
			 || test ! -s conftest.err
configure:4235: $? = 0
configure:4238: test -s conftest.o
configure:4241: $? = 0
configure:4327: gcc -o conftest -g -O2   conftest.c  >&5
configure:4330: $? = 0
configure:4332: ./conftest
configure:4335: $? = 0
configure:4350: result: yes
configure:4374: checking for sys/types.h
configure:4390: gcc -c -g -O2  conftest.c >&5
configure:4396: $? = 0
configure:4400: test -z 
			 || test ! -s conftest.err
configure:4403: $? = 0
configure:4406: test -s conftest.o
configure:4409: $? = 0
configure:4420: result: yes
configure:4374: checking for sys/stat.h
configure:4390: gcc -c -g -O2  conftest.c >&5
configure:4396: $? = 0
configure:4400: test -z 
			 || test ! -s conftest.err
configure:4403: $? = 0
configure:4406: test -s conftest.o
configure:4409: $? = 0
configure:4420: result: yes
configure:4374: checking for stdlib.h
configure:4390: gcc -c -g -O2  conftest.c >&5
configure:4396: $? = 0
configure:4400: test -z 
			 || test ! -s conftest.err
configure:4403: $? = 0
configure:4406: test -s conftest.o
configure:4409: $? = 0
configure:4420: result: yes
configure:4374: checking for string.h
configure:4390: gcc -c -g -O2  conftest.c >&5
configure:4396: $? = 0
configure:4400: test -z 
			 || test ! -s conftest.err
configure:4403: $? = 0
configure:4406: test -s conftest.o
configure:4409: $? = 0
configure:4420: result: yes
configure:4374: checking for memory.h
configure:4390: gcc -c -g -O2  conftest.c >&5
configure:4396: $? = 0
configure:4400: test -z 
			 || test ! -s conftest.err
configure:4403: $? = 0
configure:4406: test -s conftest.o
configure:4409: $? = 0
configure:4420: result: yes
configure:4374: checking for strings.h
configure:4390: gcc -c -g -O2  conftest.c >&5
configure:4396: $? = 0
configure:4400: test -z 
			 || test ! -s conftest.err
configure:4403: $? = 0
configure:4406: test -s conftest.o
configure:4409: $? = 0
configure:4420: result: yes
configure:4374: checking for inttypes.h
configure:4390: gcc -c -g -O2  conftest.c >&5
configure:4396: $? = 0
configure:4400: test -z 
			 || test ! -s conftest.err
configure:4403: $? = 0
configure:4406: test -s conftest.o
configure:4409: $? = 0
configure:4420: result: yes
configure:4374: checking for stdint.h
configure:4390: gcc -c -g -O2  conftest.c >&5
configure:4396: $? = 0
configure:4400: test -z 
			 || test ! -s conftest.err
configure:4403: $? = 0
configure:4406: test -s conftest.o
configure:4409: $? = 0
configure:4420: result: yes
configure:4374: checking for unistd.h
configure:4390: gcc -c -g -O2  conftest.c >&5
configure:4396: $? = 0
configure:4400: test -z 
			 || test ! -s conftest.err
configure:4403: $? = 0
configure:4406: test -s conftest.o
configure:4409: $? = 0
configure:4420: result: yes
configure:4446: checking dlfcn.h usability
configure:4458: gcc -c -g -O2  conftest.c >&5
configure:4464: $? = 0
configure:4468: test -z 
			 || test ! -s conftest.err
configure:4471: $? = 0
configure:4474: test -s conftest.o
configure:4477: $? = 0
configure:4487: result: yes
configure:4491: checking dlfcn.h presence
configure:4501: gcc -E  conftest.c
configure:4507: $? = 0
configure:4527: result: yes
configure:4562: checking for dlfcn.h
configure:4569: result: yes
configure:4767: checking for ranlib
configure:4794: result: ranlib
configure:4847: checking for strip
configure:4863: found /usr/bin/strip
configure:4874: result: strip
configure:5094: checking for objdir
configure:5105: result: .libs
configure:5122: checking for gcc option to produce PIC
configure:5268: result: -fPIC
configure:5272: checking if gcc PIC flag -fPIC works
configure:5295: gcc -c -g -O2 -fPIC -DPIC  conftest.c >&5
configure:5301: $? = 0
configure:5305: test -z 
			 || test ! -s conftest.err
configure:5308: $? = 0
configure:5311: test -s conftest.o
configure:5314: $? = 0
configure:5352: result: yes
configure:5368: checking if gcc static flag -static works
configure:5392: gcc -o conftest -g -O2   -static conftest.c  >&5
configure:5398: $? = 0
configure:5402: test -z 
			 || test ! -s conftest.err
configure:5405: $? = 0
configure:5408: test -s conftest
configure:5411: $? = 0
configure:5428: result: yes
configure:5440: checking if gcc supports -c -o file.o
configure:5463: gcc -c -g -O2 -o out/conftest2.o  conftest.c >&5
configure:5484: result: yes
configure:5489: checking if gcc supports -c -o file.lo
configure:5516: gcc -c -g -O2 -c -o conftest.lo  conftest.c >&5
configure:5522: $? = 0
configure:5526: test -z 
			 || test ! -s conftest.err
configure:5529: $? = 0
configure:5532: test -s conftest.lo
configure:5535: $? = 0
configure:5557: result: yes
configure:5588: checking if gcc supports -fno-rtti -fno-exceptions
configure:5610: gcc -c -g -O2 -fno-rtti -fno-exceptions -c conftest.c  conftest.c >&5
configure:5616: $? = 0
configure:5620: test -z 
			 || test ! -s conftest.err
configure:5623: $? = 0
configure:5626: test -s conftest.o
configure:5629: $? = 0
configure:5646: result: yes
configure:5657: checking whether the linker (/usr/bin/ld) supports shared libraries
configure:6352: result: yes
configure:6357: checking how to hardcode library paths into programs
configure:6381: result: immediate
configure:6386: checking whether stripping libraries is possible
configure:6391: result: yes
configure:6402: checking dynamic linker characteristics
configure:6809: result: GNU/Linux ld.so
configure:6814: checking if libtool supports shared libraries
configure:6816: result: yes
configure:6819: checking whether to build shared libraries
configure:6840: result: yes
configure:6843: checking whether to build static libraries
configure:6847: result: yes
configure:7597: checking whether -lc should be explicitly linked in
configure:7605: gcc -c -g -O2  conftest.c >&5
configure:7608: $? = 0
configure:7622: gcc -shared conftest.o  -v -Wl,-soname -Wl,conftest -o conftest 2\>\&1 \| grep  -lc  \>/dev/null 2\>\&1
configure:7625: $? = 0
configure:7638: result: no
configure:8212: checking for size_t
configure:8236: gcc -c -g -O2  conftest.c >&5
configure:8242: $? = 0
configure:8246: test -z 
			 || test ! -s conftest.err
configure:8249: $? = 0
configure:8252: test -s conftest.o
configure:8255: $? = 0
configure:8266: result: yes
configure:8278: checking for working volatile
configure:8301: gcc -c -g -O2  conftest.c >&5
configure:8307: $? = 0
configure:8311: test -z 
			 || test ! -s conftest.err
configure:8314: $? = 0
configure:8317: test -s conftest.o
configure:8320: $? = 0
configure:8331: result: yes
configure:8341: checking for inline
configure:8362: gcc -c -g -O2  conftest.c >&5
configure:8368: $? = 0
configure:8372: test -z 
			 || test ! -s conftest.err
configure:8375: $? = 0
configure:8378: test -s conftest.o
configure:8381: $? = 0
configure:8393: result: inline
configure:8419: checking for extern inline
configure:8443: gcc -c -g -O2  conftest.c >&5
configure:8449: $? = 0
configure:8453: test -z 
			 || test ! -s conftest.err
configure:8456: $? = 0
configure:8459: test -s conftest.o
configure:8462: $? = 0
configure:8473: result: yes
configure:8498: checking ieeefp.h usability
configure:8510: gcc -c -g -O2  conftest.c >&5
conftest.c:58:20: ieeefp.h: No such file or directory
configure:8516: $? = 1
configure: failed program was:
| /* confdefs.h.  */
| 
| #define PACKAGE_NAME "gsl"
| #define PACKAGE_TARNAME "gsl"
| #define PACKAGE_VERSION "1.7"
| #define PACKAGE_STRING "gsl 1.7"
| #define PACKAGE_BUGREPORT ""
| #define PACKAGE "gsl"
| #define VERSION "1.7"
| #define RELEASED 1
| #define STDC_HEADERS 1
| #define HAVE_SYS_TYPES_H 1
| #define HAVE_SYS_STAT_H 1
| #define HAVE_STDLIB_H 1
| #define HAVE_STRING_H 1
| #define HAVE_MEMORY_H 1
| #define HAVE_STRINGS_H 1
| #define HAVE_INTTYPES_H 1
| #define HAVE_STDINT_H 1
| #define HAVE_UNISTD_H 1
| #define HAVE_DLFCN_H 1
| #define HAVE_INLINE 1
| /* end confdefs.h.  */
| #include <stdio.h>
| #if HAVE_SYS_TYPES_H
| # include <sys/types.h>
| #endif
| #if HAVE_SYS_STAT_H
| # include <sys/stat.h>
| #endif
| #if STDC_HEADERS
| # include <stdlib.h>
| # include <stddef.h>
| #else
| # if HAVE_STDLIB_H
| #  include <stdlib.h>
| # endif
| #endif
| #if HAVE_STRING_H
| # if !STDC_HEADERS && HAVE_MEMORY_H
| #  include <memory.h>
| # endif
| # include <string.h>
| #endif
| #if HAVE_STRINGS_H
| # include <strings.h>
| #endif
| #if HAVE_INTTYPES_H
| # include <inttypes.h>
| #else
| # if HAVE_STDINT_H
| #  include <stdint.h>
| # endif
| #endif
| #if HAVE_UNISTD_H
| # include <unistd.h>
| #endif
| #include <ieeefp.h>
configure:8539: result: no
configure:8543: checking ieeefp.h presence
configure:8553: gcc -E  conftest.c
conftest.c:24:20: ieeefp.h: No such file or directory
configure:8559: $? = 1
configure: failed program was:
| /* confdefs.h.  */
| 
| #define PACKAGE_NAME "gsl"
| #define PACKAGE_TARNAME "gsl"
| #define PACKAGE_VERSION "1.7"
| #define PACKAGE_STRING "gsl 1.7"
| #define PACKAGE_BUGREPORT ""
| #define PACKAGE "gsl"
| #define VERSION "1.7"
| #define RELEASED 1
| #define STDC_HEADERS 1
| #define HAVE_SYS_TYPES_H 1
| #define HAVE_SYS_STAT_H 1
| #define HAVE_STDLIB_H 1
| #define HAVE_STRING_H 1
| #define HAVE_MEMORY_H 1
| #define HAVE_STRINGS_H 1
| #define HAVE_INTTYPES_H 1
| #define HAVE_STDINT_H 1
| #define HAVE_UNISTD_H 1
| #define HAVE_DLFCN_H 1
| #define HAVE_INLINE 1
| /* end confdefs.h.  */
| #include <ieeefp.h>
configure:8579: result: no
configure:8614: checking for ieeefp.h
configure:8621: result: no
configure:8641: checking for vprintf
configure:8698: gcc -o conftest -g -O2   conftest.c  >&5
configure:8704: $? = 0
configure:8708: test -z 
			 || test ! -s conftest.err
configure:8711: $? = 0
configure:8714: test -s conftest
configure:8717: $? = 0
configure:8729: result: yes
configure:8736: checking for _doprnt
configure:8793: gcc -o conftest -g -O2   conftest.c  >&5
/tmp/cc8zrw0Z.o(.text+0x11): In function `main':
/home/lynn/ellecvs/elle/utilities/matrix/conftest.c:65: undefined reference to `_doprnt'
/tmp/cc8zrw0Z.o(.data+0x0):/home/lynn/ellecvs/elle/utilities/matrix/conftest.c:64: undefined reference to `_doprnt'
collect2: ld returned 1 exit status
configure:8799: $? = 1
configure: failed program was:
| /* confdefs.h.  */
| 
| #define PACKAGE_NAME "gsl"
| #define PACKAGE_TARNAME "gsl"
| #define PACKAGE_VERSION "1.7"
| #define PACKAGE_STRING "gsl 1.7"
| #define PACKAGE_BUGREPORT ""
| #define PACKAGE "gsl"
| #define VERSION "1.7"
| #define RELEASED 1
| #define STDC_HEADERS 1
| #define HAVE_SYS_TYPES_H 1
| #define HAVE_SYS_STAT_H 1
| #define HAVE_STDLIB_H 1
| #define HAVE_STRING_H 1
| #define HAVE_MEMORY_H 1
| #define HAVE_STRINGS_H 1
| #define HAVE_INTTYPES_H 1
| #define HAVE_STDINT_H 1
| #define HAVE_UNISTD_H 1
| #define HAVE_DLFCN_H 1
| #define HAVE_INLINE 1
| #define HAVE_VPRINTF 1
| /* end confdefs.h.  */
| /* Define _doprnt to an innocuous variant, in case <limits.h> declares _doprnt.
|    For example, HP-UX 11i <limits.h> declares gettimeofday.  */
| #define _doprnt innocuous__doprnt
| 
| /* System header to define __stub macros and hopefully few prototypes,
|     which can conflict with char _doprnt (); below.
|     Prefer <limits.h> to <assert.h> if __STDC__ is defined, since
|     <limits.h> exists even on freestanding compilers.  */
| 
| #ifdef __STDC__
| # include <limits.h>
| #else
| # include <assert.h>
| #endif
| 
| #undef _doprnt
| 
| /* Override any gcc2 internal prototype to avoid an error.  */
| #ifdef __cplusplus
| extern "C"
| {
| #endif
| /* We use char because int might match the return type of a gcc2
|    builtin and then its argument prototype would still apply.  */
| char _doprnt ();
| /* The GNU C library defines this for functions which it implements
|     to always fail with ENOSYS.  Some functions are actually named
|     something starting with __ and the normal name is an alias.  */
| #if defined (__stub__doprnt) || defined (__stub____doprnt)
| choke me
| #else
| char (*f) () = _doprnt;
| #endif
| #ifdef __cplusplus
| }
| #endif
| 
| int
| main ()
| {
| return f != _doprnt;
|   ;
|   return 0;
| }
configure:8824: result: no
configure:8847: checking for memcpy
configure:8904: gcc -o conftest -g -O2   conftest.c  >&5
conftest.c:49: warning: conflicting types for built-in function `memcpy'
configure:8910: $? = 0
configure:8914: test -z 
			 || test ! -s conftest.err
configure:8917: $? = 0
configure:8920: test -s conftest
configure:8923: $? = 0
configure:8935: result: yes
configure:8847: checking for memmove
configure:8904: gcc -o conftest -g -O2   conftest.c  >&5
conftest.c:50: warning: conflicting types for built-in function `memmove'
configure:8910: $? = 0
configure:8914: test -z 
			 || test ! -s conftest.err
configure:8917: $? = 0
configure:8920: test -s conftest
configure:8923: $? = 0
configure:8935: result: yes
configure:8847: checking for strdup
configure:8904: gcc -o conftest -g -O2   conftest.c  >&5
configure:8910: $? = 0
configure:8914: test -z 
			 || test ! -s conftest.err
configure:8917: $? = 0
configure:8920: test -s conftest
configure:8923: $? = 0
configure:8935: result: yes
configure:8847: checking for strtol
configure:8904: gcc -o conftest -g -O2   conftest.c  >&5
configure:8910: $? = 0
configure:8914: test -z 
			 || test ! -s conftest.err
configure:8917: $? = 0
configure:8920: test -s conftest
configure:8923: $? = 0
configure:8935: result: yes
configure:8847: checking for strtoul
configure:8904: gcc -o conftest -g -O2   conftest.c  >&5
configure:8910: $? = 0
configure:8914: test -z 
			 || test ! -s conftest.err
configure:8917: $? = 0
configure:8920: test -s conftest
configure:8923: $? = 0
configure:8935: result: yes
configure:8956: checking for EXIT_SUCCESS and EXIT_FAILURE
configure:8984: result: yes
configure:8997: checking for cos in -lm
configure:9027: gcc -o conftest -g -O2   conftest.c -lm   >&5
conftest.c:38: warning: conflicting types for built-in function `cos'
configure:9033: $? = 0
configure:9037: test -z 
			 || test ! -s conftest.err
configure:9040: $? = 0
configure:9043: test -s conftest
configure:9046: $? = 0
configure:9059: result: yes
configure:9072: checking whether feenableexcept is declared
configure:9098: gcc -c -g -O2  conftest.c >&5
configure:9104: $? = 0
configure:9108: test -z 
			 || test ! -s conftest.err
configure:9111: $? = 0
configure:9114: test -s conftest.o
configure:9117: $? = 0
configure:9128: result: yes
configure:9146: checking whether fesettrapenable is declared
configure:9172: gcc -c -g -O2  conftest.c >&5
conftest.c: In function `main':
conftest.c:40: `fesettrapenable' undeclared (first use in this function)
conftest.c:40: (Each undeclared identifier is reported only once
conftest.c:40: for each function it appears in.)
configure:9178: $? = 1
configure: failed program was:
| /* confdefs.h.  */
| 
| #define PACKAGE_NAME "gsl"
| #define PACKAGE_TARNAME "gsl"
| #define PACKAGE_VERSION "1.7"
| #define PACKAGE_STRING "gsl 1.7"
| #define PACKAGE_BUGREPORT ""
| #define PACKAGE "gsl"
| #define VERSION "1.7"
| #define RELEASED 1
| #define STDC_HEADERS 1
| #define HAVE_SYS_TYPES_H 1
| #define HAVE_SYS_STAT_H 1
| #define HAVE_STDLIB_H 1
| #define HAVE_STRING_H 1
| #define HAVE_MEMORY_H 1
| #define HAVE_STRINGS_H 1
| #define HAVE_INTTYPES_H 1
| #define HAVE_STDINT_H 1
| #define HAVE_UNISTD_H 1
| #define HAVE_DLFCN_H 1
| #define HAVE_INLINE 1
| #define HAVE_VPRINTF 1
| #define HAVE_MEMCPY 1
| #define HAVE_MEMMOVE 1
| #define HAVE_STRDUP 1
| #define HAVE_STRTOL 1
| #define HAVE_STRTOUL 1
| #define HAVE_EXIT_SUCCESS_AND_FAILURE 1
| #define HAVE_LIBM 1
| #define HAVE_DECL_FEENABLEEXCEPT 1
| /* end confdefs.h.  */
| #define _GNU_SOURCE 1
| #include <fenv.h>
| 
| int
| main ()
| {
| #ifndef fesettrapenable
|   char *p = (char *) fesettrapenable;
| #endif
| 
|   ;
|   return 0;
| }
configure:9202: result: no
configure:9220: checking whether hypot is declared
configure:9245: gcc -c -g -O2  conftest.c >&5
configure:9251: $? = 0
configure:9255: test -z 
			 || test ! -s conftest.err
configure:9258: $? = 0
configure:9261: test -s conftest.o
configure:9264: $? = 0
configure:9275: result: yes
configure:9293: checking whether expm1 is declared
configure:9318: gcc -c -g -O2  conftest.c >&5
configure:9324: $? = 0
configure:9328: test -z 
			 || test ! -s conftest.err
configure:9331: $? = 0
configure:9334: test -s conftest.o
configure:9337: $? = 0
configure:9348: result: yes
configure:9366: checking whether acosh is declared
configure:9391: gcc -c -g -O2  conftest.c >&5
configure:9397: $? = 0
configure:9401: test -z 
			 || test ! -s conftest.err
configure:9404: $? = 0
configure:9407: test -s conftest.o
configure:9410: $? = 0
configure:9421: result: yes
configure:9439: checking whether asinh is declared
configure:9464: gcc -c -g -O2  conftest.c >&5
configure:9470: $? = 0
configure:9474: test -z 
			 || test ! -s conftest.err
configure:9477: $? = 0
configure:9480: test -s conftest.o
configure:9483: $? = 0
configure:9494: result: yes
configure:9512: checking whether atanh is declared
configure:9537: gcc -c -g -O2  conftest.c >&5
configure:9543: $? = 0
configure:9547: test -z 
			 || test ! -s conftest.err
configure:9550: $? = 0
configure:9553: test -s conftest.o
configure:9556: $? = 0
configure:9567: result: yes
configure:9585: checking whether ldexp is declared
configure:9610: gcc -c -g -O2  conftest.c >&5
configure:9616: $? = 0
configure:9620: test -z 
			 || test ! -s conftest.err
configure:9623: $? = 0
configure:9626: test -s conftest.o
configure:9629: $? = 0
configure:9640: result: yes
configure:9658: checking whether frexp is declared
configure:9683: gcc -c -g -O2  conftest.c >&5
configure:9689: $? = 0
configure:9693: test -z 
			 || test ! -s conftest.err
configure:9696: $? = 0
configure:9699: test -s conftest.o
configure:9702: $? = 0
configure:9713: result: yes
configure:9731: checking whether isinf is declared
configure:9756: gcc -c -g -O2  conftest.c >&5
configure:9762: $? = 0
configure:9766: test -z 
			 || test ! -s conftest.err
configure:9769: $? = 0
configure:9772: test -s conftest.o
configure:9775: $? = 0
configure:9786: result: yes
configure:9804: checking whether finite is declared
configure:9829: gcc -c -g -O2  conftest.c >&5
configure:9835: $? = 0
configure:9839: test -z 
			 || test ! -s conftest.err
configure:9842: $? = 0
configure:9845: test -s conftest.o
configure:9848: $? = 0
configure:9859: result: yes
configure:9877: checking whether isfinite is declared
configure:9902: gcc -c -g -O2  conftest.c >&5
conftest.c: In function `main':
conftest.c:49: `isfinite' undeclared (first use in this function)
conftest.c:49: (Each undeclared identifier is reported only once
conftest.c:49: for each function it appears in.)
configure:9908: $? = 1
configure: failed program was:
| /* confdefs.h.  */
| 
| #define PACKAGE_NAME "gsl"
| #define PACKAGE_TARNAME "gsl"
| #define PACKAGE_VERSION "1.7"
| #define PACKAGE_STRING "gsl 1.7"
| #define PACKAGE_BUGREPORT ""
| #define PACKAGE "gsl"
| #define VERSION "1.7"
| #define RELEASED 1
| #define STDC_HEADERS 1
| #define HAVE_SYS_TYPES_H 1
| #define HAVE_SYS_STAT_H 1
| #define HAVE_STDLIB_H 1
| #define HAVE_STRING_H 1
| #define HAVE_MEMORY_H 1
| #define HAVE_STRINGS_H 1
| #define HAVE_INTTYPES_H 1
| #define HAVE_STDINT_H 1
| #define HAVE_UNISTD_H 1
| #define HAVE_DLFCN_H 1
| #define HAVE_INLINE 1
| #define HAVE_VPRINTF 1
| #define HAVE_MEMCPY 1
| #define HAVE_MEMMOVE 1
| #define HAVE_STRDUP 1
| #define HAVE_STRTOL 1
| #define HAVE_STRTOUL 1
| #define HAVE_EXIT_SUCCESS_AND_FAILURE 1
| #define HAVE_LIBM 1
| #define HAVE_DECL_FEENABLEEXCEPT 1
| #define HAVE_DECL_FESETTRAPENABLE 0
| #define HAVE_DECL_HYPOT 1
| #define HAVE_DECL_EXPM1 1
| #define HAVE_DECL_ACOSH 1
| #define HAVE_DECL_ASINH 1
| #define HAVE_DECL_ATANH 1
| #define HAVE_DECL_LDEXP 1
| #define HAVE_DECL_FREXP 1
| #define HAVE_DECL_ISINF 1
| #define HAVE_DECL_FINITE 1
| /* end confdefs.h.  */
| #include <math.h>
| 
| int
| main ()
| {
| #ifndef isfinite
|   char *p = (char *) isfinite;
| #endif
| 
|   ;
|   return 0;
| }
configure:9932: result: no
configure:9950: checking whether isnan is declared
configure:9975: gcc -c -g -O2  conftest.c >&5
configure:9981: $? = 0
configure:9985: test -z 
			 || test ! -s conftest.err
configure:9988: $? = 0
configure:9991: test -s conftest.o
configure:9994: $? = 0
configure:10005: result: yes
configure:10030: checking whether log1p is declared
configure:10055: gcc -c -g -O2  conftest.c >&5
configure:10061: $? = 0
configure:10065: test -z 
			 || test ! -s conftest.err
configure:10068: $? = 0
configure:10071: test -s conftest.o
configure:10074: $? = 0
configure:10085: result: yes
configure:10106: checking for long double stdio
configure:10132: gcc -o conftest -g -O2   conftest.c -lm  >&5
configure:10135: $? = 0
configure:10137: ./conftest
1.234
configure:10140: $? = 0
configure:10154: result: yes
configure:10165: checking for extended floating point registers
configure:10198: result: yes
configure:10209: checking for IEEE arithmetic interface type
configure:10269: result: gnux86
configure:10273: checking for FPU_SETCW
configure:10300: gcc -c -g -O2  conftest.c >&5
configure:10306: $? = 0
configure:10310: test -z 
			 || test ! -s conftest.err
configure:10313: $? = 0
configure:10316: test -s conftest.o
configure:10319: $? = 0
configure:10331: result: yes
configure:10363: checking for IEEE compiler flags
configure:10430: result: none
configure:10439: checking for IEEE comparisons
configure:10465: gcc -o conftest -g -O2   conftest.c -lm  >&5
configure:10468: $? = 0
configure:10470: ./conftest
configure:10473: $? = 0
configure:10488: result: yes
configure:10499: checking for IEEE denormalized values
configure:10526: gcc -o conftest -g -O2   conftest.c -lm  >&5
configure:10529: $? = 0
configure:10531: ./conftest
configure:10534: $? = 0
configure:10549: result: yes
configure:10664: creating ./config.status

## ---------------------- ##
## Running config.status. ##
## ---------------------- ##

This file was extended by gsl config.status 1.7, which was
generated by GNU Autoconf 2.59.  Invocation command line was

  CONFIG_FILES    = 
  CONFIG_HEADERS  = 
  CONFIG_LINKS    = 
  CONFIG_COMMANDS = 
  $ ./config.status 

on rama.localdomain

config.status:865: creating config.h

## ---------------- ##
## Cache variables. ##
## ---------------- ##

ac_cv_build=i686-pc-linux-gnu
ac_cv_build_alias=i686-pc-linux-gnu
ac_cv_c_compiler_gnu=yes
ac_cv_c_extended_fp=yes
ac_cv_c_extern_inline=yes
ac_cv_c_fpu_setcw=yes
ac_cv_c_ieee_comparisons=yes
ac_cv_c_ieee_denormals=yes
ac_cv_c_ieee_flags=none
ac_cv_c_ieee_interface=gnux86
ac_cv_c_inline=inline
ac_cv_c_volatile=yes
ac_cv_decl_exit_success_and_failure=yes
ac_cv_env_CC_set=
ac_cv_env_CC_value=
ac_cv_env_CFLAGS_set=
ac_cv_env_CFLAGS_value=
ac_cv_env_CPPFLAGS_set=
ac_cv_env_CPPFLAGS_value=
ac_cv_env_CPP_set=
ac_cv_env_CPP_value=
ac_cv_env_LDFLAGS_set=
ac_cv_env_LDFLAGS_value=
ac_cv_env_build_alias_set=
ac_cv_env_build_alias_value=
ac_cv_env_host_alias_set=
ac_cv_env_host_alias_value=
ac_cv_env_target_alias_set=
ac_cv_env_target_alias_value=
ac_cv_exeext=
ac_cv_func__doprnt=no
ac_cv_func_memcpy=yes
ac_cv_func_memmove=yes
ac_cv_func_printf_longdouble=yes
ac_cv_func_strdup=yes
ac_cv_func_strtol=yes
ac_cv_func_strtoul=yes
ac_cv_func_vprintf=yes
ac_cv_have_decl_acosh=yes
ac_cv_have_decl_asinh=yes
ac_cv_have_decl_atanh=yes
ac_cv_have_decl_expm1=yes
ac_cv_have_decl_feenableexcept=yes
ac_cv_have_decl_fesettrapenable=no
ac_cv_have_decl_finite=yes
ac_cv_have_decl_frexp=yes
ac_cv_have_decl_hypot=yes
ac_cv_have_decl_isfinite=no
ac_cv_have_decl_isinf=yes
ac_cv_have_decl_isnan=yes
ac_cv_have_decl_ldexp=yes
ac_cv_have_decl_log1p=yes
ac_cv_header_dlfcn_h=yes
ac_cv_header_ieeefp_h=no
ac_cv_header_inttypes_h=yes
ac_cv_header_memory_h=yes
ac_cv_header_stdc=yes
ac_cv_header_stdint_h=yes
ac_cv_header_stdlib_h=yes
ac_cv_header_string_h=yes
ac_cv_header_strings_h=yes
ac_cv_header_sys_stat_h=yes
ac_cv_header_sys_types_h=yes
ac_cv_header_unistd_h=yes
ac_cv_host=i686-pc-linux-gnu
ac_cv_host_alias=i686-pc-linux-gnu
ac_cv_lib_m_cos=yes
ac_cv_objext=o
ac_cv_path_install='/usr/bin/install -c'
ac_cv_prog_AWK=gawk
ac_cv_prog_CPP='gcc -E'
ac_cv_prog_ac_ct_AR=ar
ac_cv_prog_ac_ct_CC=gcc
ac_cv_prog_ac_ct_RANLIB=ranlib
ac_cv_prog_ac_ct_STRIP=strip
ac_cv_prog_cc_g=yes
ac_cv_prog_cc_stdc=
ac_cv_prog_egrep='grep -E'
ac_cv_prog_make_make_set=yes
ac_cv_type_size_t=yes
lt_cv_archive_cmds_need_lc=no
lt_cv_compiler_c_o=yes
lt_cv_compiler_o_lo=yes
lt_cv_deplibs_check_method=pass_all
lt_cv_file_magic_cmd='$MAGIC_CMD'
lt_cv_file_magic_test_file='/lib/libc.so.6 /lib/libc-2.3.2.so'
lt_cv_global_symbol_to_c_name_address='sed -n -e '\''s/^: \([^ ]*\) $/  {\"\1\", (lt_ptr) 0},/p'\'' -e '\''s/^[BCDEGRST] \([^ ]*\) \([^ ]*\)$/  {"\2", (lt_ptr) \&\2},/p'\'''
lt_cv_global_symbol_to_cdecl='sed -n -e '\''s/^. .* \(.*\)$/extern char \1;/p'\'''
lt_cv_ld_reload_flag=-r
lt_cv_path_LD=/usr/bin/ld
lt_cv_path_NM='/usr/bin/nm -B'
lt_cv_path_SED=/bin/sed
lt_cv_prog_cc_can_build_shared=yes
lt_cv_prog_cc_no_builtin=
lt_cv_prog_cc_pic=' -fPIC'
lt_cv_prog_cc_pic_works=yes
lt_cv_prog_cc_shlib=
lt_cv_prog_cc_static=-static
lt_cv_prog_cc_static_works=yes
lt_cv_prog_cc_wl=-Wl,
lt_cv_prog_gnu_ld=yes
lt_cv_sys_global_symbol_pipe='sed -n -e '\''s/^.*[ 	]\([ABCDGISTW][ABCDGISTW]*\)[ 	][ 	]*\(\)\([_A-Za-z][_A-Za-z0-9]*\)$/\1 \2\3 \3/p'\'''

## ----------------- ##
## Output variables. ##
## ----------------- ##

ACLOCAL='aclocal-1.9'
AMTAR='tar'
AR='ar'
AUTOCONF='autoconf'
AUTOHEADER='autoheader'
AUTOMAKE='automake-1.9'
AWK='gawk'
CC='gcc'
CFLAGS='-g -O2'
CPP='gcc -E'
CPPFLAGS=''
CYGPATH_W='echo'
DEFS='-DHAVE_CONFIG_H'
ECHO='echo'
ECHO_C=''
ECHO_N='-n'
ECHO_T=''
EGREP='grep -E'
EXEEXT=''
GSL_CFLAGS='-I${prefix}/include'
GSL_LIBS='-L${exec_prefix}/lib -lgsl'
GSL_LT_CBLAS_VERSION='0:0:0'
GSL_LT_VERSION='8:0:8'
HAVE_AIX_IEEE_INTERFACE=''
HAVE_DARWIN_IEEE_INTERFACE=''
HAVE_EXTENDED_PRECISION_REGISTERS=''
HAVE_FREEBSD_IEEE_INTERFACE=''
HAVE_GNUM68K_IEEE_INTERFACE=''
HAVE_GNUPPC_IEEE_INTERFACE=''
HAVE_GNUSPARC_IEEE_INTERFACE=''
HAVE_GNUX86_IEEE_INTERFACE=''
HAVE_HPUX11_IEEE_INTERFACE=''
HAVE_HPUX_IEEE_INTERFACE=''
HAVE_IEEE_COMPARISONS=''
HAVE_IEEE_DENORMALS=''
HAVE_INLINE=''
HAVE_IRIX_IEEE_INTERFACE=''
HAVE_NETBSD_IEEE_INTERFACE=''
HAVE_OPENBSD_IEEE_INTERFACE=''
HAVE_OS2EMX_IEEE_INTERFACE=''
HAVE_PRINTF_LONGDOUBLE=''
HAVE_SOLARIS_IEEE_INTERFACE=''
HAVE_SUNOS4_IEEE_INTERFACE=''
HAVE_TRU64_IEEE_INTERFACE=''
INSTALL_DATA='${INSTALL} -m 644'
INSTALL_PROGRAM='${INSTALL}'
INSTALL_SCRIPT='${INSTALL}'
INSTALL_STRIP_PROGRAM='${SHELL} $(install_sh) -c -s'
LDFLAGS=''
LIBOBJS=''
LIBS='-lm '
LIBTOOL='$(SHELL) $(top_builddir)/libtool'
LN_S='ln -s'
LTLIBOBJS=''
MAINT='#'
MAINTAINER_MODE_FALSE=''
MAINTAINER_MODE_TRUE='#'
MAKEINFO='makeinfo'
OBJEXT='o'
PACKAGE='gsl'
PACKAGE_BUGREPORT=''
PACKAGE_NAME='gsl'
PACKAGE_STRING='gsl 1.7'
PACKAGE_TARNAME='gsl'
PACKAGE_VERSION='1.7'
PATH_SEPARATOR=':'
RANLIB='ranlib'
RELEASED=''
SET_MAKE=''
SHELL='/bin/sh'
STRIP='strip'
VERSION='1.7'
ac_ct_AR='ar'
ac_ct_CC='gcc'
ac_ct_RANLIB='ranlib'
ac_ct_STRIP='strip'
am__leading_dot='.'
am__tar='${AMTAR} chof - "$$tardir"'
am__untar='${AMTAR} xf -'
bindir='${exec_prefix}/bin'
build='i686-pc-linux-gnu'
build_alias=''
build_cpu='i686'
build_os='linux-gnu'
build_vendor='pc'
datadir='${prefix}/share'
exec_prefix='${prefix}'
host='i686-pc-linux-gnu'
host_alias=''
host_cpu='i686'
host_os='linux-gnu'
host_vendor='pc'
includedir='${prefix}/include'
infodir='${prefix}/info'
install_sh='/home/lynn/ellecvs/elle/install-sh'
libdir='${exec_prefix}/lib'
libexecdir='${exec_prefix}/libexec'
localstatedir='${prefix}/var'
mandir='${prefix}/man'
mkdir_p='mkdir -p --'
oldincludedir='/usr/include'
prefix='/usr/local'
program_transform_name='s,x,x,'
sbindir='${exec_prefix}/sbin'
sharedstatedir='${prefix}/com'
sysconfdir='${prefix}/etc'
target_alias=''

## ----------- ##
## confdefs.h. ##
## ----------- ##

#define HAVE_DECL_ACOSH 1
#define HAVE_DECL_ASINH 1
#define HAVE_DECL_ATANH 1
#define HAVE_DECL_EXPM1 1
#define HAVE_DECL_FEENABLEEXCEPT 1
#define HAVE_DECL_FESETTRAPENABLE 0
#define HAVE_DECL_FINITE 1
#define HAVE_DECL_FREXP 1
#define HAVE_DECL_HYPOT 1
#define HAVE_DECL_ISFINITE 0
#define HAVE_DECL_ISINF 1
#define HAVE_DECL_ISNAN 1
#define HAVE_DECL_LDEXP 1
#define HAVE_DECL_LOG1P 1
#define HAVE_DLFCN_H 1
#define HAVE_EXIT_SUCCESS_AND_FAILURE 1
#define HAVE_EXTENDED_PRECISION_REGISTERS 1
#define HAVE_GNUX86_IEEE_INTERFACE 1
#define HAVE_IEEE_COMPARISONS 1
#define HAVE_IEEE_DENORMALS 1
#define HAVE_INLINE 1
#define HAVE_INTTYPES_H 1
#define HAVE_LIBM 1
#define HAVE_MEMCPY 1
#define HAVE_MEMMOVE 1
#define HAVE_MEMORY_H 1
#define HAVE_PRINTF_LONGDOUBLE 1
#define HAVE_STDINT_H 1
#define HAVE_STDLIB_H 1
#define HAVE_STRDUP 1
#define HAVE_STRINGS_H 1
#define HAVE_STRING_H 1
#define HAVE_STRTOL 1
#define HAVE_STRTOUL 1
#define HAVE_SYS_STAT_H 1
#define HAVE_SYS_TYPES_H 1
#define HAVE_UNISTD_H 1
#define HAVE_VPRINTF 1
#define PACKAGE "gsl"
#define PACKAGE_BUGREPORT ""
#define PACKAGE_NAME "gsl"
#define PACKAGE_STRING "gsl 1.7"
#define PACKAGE_TARNAME "gsl"
#define PACKAGE_VERSION "1.7"
#define RELEASED 1
#define STDC_HEADERS 1
#define VERSION "1.7"

configure: exit 0
